{"/home/luke/code/paylane-client/lib/paylaneClient.ts": {"path":"/home/luke/code/paylane-client/lib/paylaneClient.ts","statementMap":{"0":{"start":{"line":1,"column":0},"end":{"line":1,"column":21}},"1":{"start":{"line":2,"column":0},"end":{"line":2,"column":70}},"2":{"start":{"line":3,"column":0},"end":{"line":3,"column":85}},"3":{"start":{"line":4,"column":0},"end":{"line":4,"column":61}},"4":{"start":{"line":5,"column":0},"end":{"line":5,"column":82}},"5":{"start":{"line":6,"column":0},"end":{"line":6,"column":64}},"6":{"start":{"line":7,"column":0},"end":{"line":7,"column":64}},"7":{"start":{"line":18,"column":13},"end":{"line":39,"column":2}},"8":{"start":{"line":19,"column":32},"end":{"line":21,"column":18}},"9":{"start":{"line":23,"column":20},"end":{"line":29,"column":6}},"10":{"start":{"line":31,"column":4},"end":{"line":38,"column":6}}},"fnMap":{"0":{"name":"(anonymous_1)","decl":{"start":{"line":18,"column":21},"end":{"line":18,"column":21}},"loc":{"start":{"line":18,"column":53},"end":{"line":39,"column":1}}}},"branchMap":{},"s":{"0":1,"1":1,"2":1,"3":1,"4":1,"5":1,"6":1,"7":1,"8":1,"9":1,"10":1},"f":{"0":1},"b":{}}
,"/home/luke/code/paylane-client/lib/endpoints/applepay/applepay.ts": {"path":"/home/luke/code/paylane-client/lib/endpoints/applepay/applepay.ts","statementMap":{"0":{"start":{"line":7,"column":13},"end":{"line":23,"column":2}},"1":{"start":{"line":8,"column":4},"end":{"line":22,"column":6}},"2":{"start":{"line":10,"column":29},"end":{"line":12,"column":14}},"3":{"start":{"line":10,"column":18},"end":{"line":12,"column":14}},"4":{"start":{"line":13,"column":12},"end":{"line":13,"column":62}},"5":{"start":{"line":17,"column":29},"end":{"line":19,"column":14}},"6":{"start":{"line":17,"column":18},"end":{"line":19,"column":14}},"7":{"start":{"line":20,"column":12},"end":{"line":20,"column":71}}},"fnMap":{"0":{"name":"(anonymous_12)","decl":{"start":{"line":7,"column":38},"end":{"line":7,"column":38}},"loc":{"start":{"line":7,"column":66},"end":{"line":23,"column":1}}},"1":{"name":"(anonymous_13)","decl":{"start":{"line":9,"column":18},"end":{"line":9,"column":18}},"loc":{"start":{"line":9,"column":44},"end":{"line":14,"column":9}}},"2":{"name":"(anonymous_16)","decl":{"start":{"line":16,"column":27},"end":{"line":16,"column":27}},"loc":{"start":{"line":16,"column":63},"end":{"line":21,"column":9}}}},"branchMap":{},"s":{"0":2,"1":3,"2":1,"3":1,"4":1,"5":1,"6":1,"7":1},"f":{"0":3,"1":1,"2":1},"b":{}}
,"/home/luke/code/paylane-client/lib/endpoints/banktransfers/banktransfers.ts": {"path":"/home/luke/code/paylane-client/lib/endpoints/banktransfers/banktransfers.ts","statementMap":{"0":{"start":{"line":5,"column":13},"end":{"line":14,"column":2}},"1":{"start":{"line":6,"column":4},"end":{"line":13,"column":6}},"2":{"start":{"line":8,"column":29},"end":{"line":10,"column":14}},"3":{"start":{"line":8,"column":18},"end":{"line":10,"column":14}},"4":{"start":{"line":11,"column":12},"end":{"line":11,"column":62}}},"fnMap":{"0":{"name":"(anonymous_12)","decl":{"start":{"line":5,"column":43},"end":{"line":5,"column":43}},"loc":{"start":{"line":5,"column":71},"end":{"line":14,"column":1}}},"1":{"name":"(anonymous_13)","decl":{"start":{"line":7,"column":18},"end":{"line":7,"column":18}},"loc":{"start":{"line":7,"column":48},"end":{"line":12,"column":9}}}},"branchMap":{},"s":{"0":2,"1":2,"2":1,"3":1,"4":1},"f":{"0":2,"1":1},"b":{}}
,"/home/luke/code/paylane-client/lib/endpoints/cards/cards.ts": {"path":"/home/luke/code/paylane-client/lib/endpoints/cards/cards.ts","statementMap":{"0":{"start":{"line":14,"column":13},"end":{"line":68,"column":2}},"1":{"start":{"line":15,"column":4},"end":{"line":67,"column":6}},"2":{"start":{"line":17,"column":29},"end":{"line":19,"column":14}},"3":{"start":{"line":17,"column":18},"end":{"line":19,"column":14}},"4":{"start":{"line":20,"column":12},"end":{"line":20,"column":62}},"5":{"start":{"line":24,"column":29},"end":{"line":26,"column":14}},"6":{"start":{"line":24,"column":18},"end":{"line":26,"column":14}},"7":{"start":{"line":27,"column":12},"end":{"line":27,"column":62}},"8":{"start":{"line":31,"column":29},"end":{"line":33,"column":14}},"9":{"start":{"line":31,"column":18},"end":{"line":33,"column":14}},"10":{"start":{"line":34,"column":12},"end":{"line":34,"column":71}},"11":{"start":{"line":38,"column":29},"end":{"line":43,"column":13}},"12":{"start":{"line":38,"column":18},"end":{"line":43,"column":13}},"13":{"start":{"line":44,"column":12},"end":{"line":44,"column":71}},"14":{"start":{"line":48,"column":29},"end":{"line":50,"column":14}},"15":{"start":{"line":48,"column":18},"end":{"line":50,"column":14}},"16":{"start":{"line":51,"column":12},"end":{"line":51,"column":71}},"17":{"start":{"line":55,"column":29},"end":{"line":57,"column":14}},"18":{"start":{"line":55,"column":18},"end":{"line":57,"column":14}},"19":{"start":{"line":58,"column":12},"end":{"line":58,"column":63}},"20":{"start":{"line":62,"column":29},"end":{"line":64,"column":14}},"21":{"start":{"line":62,"column":18},"end":{"line":64,"column":14}},"22":{"start":{"line":65,"column":12},"end":{"line":65,"column":63}}},"fnMap":{"0":{"name":"(anonymous_12)","decl":{"start":{"line":14,"column":35},"end":{"line":14,"column":35}},"loc":{"start":{"line":14,"column":63},"end":{"line":68,"column":1}}},"1":{"name":"(anonymous_13)","decl":{"start":{"line":16,"column":18},"end":{"line":16,"column":18}},"loc":{"start":{"line":16,"column":40},"end":{"line":21,"column":9}}},"2":{"name":"(anonymous_16)","decl":{"start":{"line":23,"column":25},"end":{"line":23,"column":25}},"loc":{"start":{"line":23,"column":57},"end":{"line":28,"column":9}}},"3":{"name":"(anonymous_19)","decl":{"start":{"line":30,"column":27},"end":{"line":30,"column":27}},"loc":{"start":{"line":30,"column":63},"end":{"line":35,"column":9}}},"4":{"name":"(anonymous_22)","decl":{"start":{"line":37,"column":34},"end":{"line":37,"column":34}},"loc":{"start":{"line":37,"column":75},"end":{"line":45,"column":9}}},"5":{"name":"(anonymous_25)","decl":{"start":{"line":47,"column":27},"end":{"line":47,"column":27}},"loc":{"start":{"line":47,"column":62},"end":{"line":52,"column":9}}},"6":{"name":"(anonymous_28)","decl":{"start":{"line":54,"column":19},"end":{"line":54,"column":19}},"loc":{"start":{"line":54,"column":46},"end":{"line":59,"column":9}}},"7":{"name":"(anonymous_31)","decl":{"start":{"line":61,"column":26},"end":{"line":61,"column":26}},"loc":{"start":{"line":61,"column":58},"end":{"line":66,"column":9}}}},"branchMap":{},"s":{"0":2,"1":8,"2":1,"3":1,"4":1,"5":1,"6":1,"7":1,"8":1,"9":1,"10":1,"11":1,"12":1,"13":1,"14":1,"15":1,"16":1,"17":1,"18":1,"19":1,"20":1,"21":1,"22":1},"f":{"0":8,"1":1,"2":1,"3":1,"4":1,"5":1,"6":1,"7":1},"b":{}}
,"/home/luke/code/paylane-client/lib/endpoints/directdebits/directdebits.ts": {"path":"/home/luke/code/paylane-client/lib/endpoints/directdebits/directdebits.ts","statementMap":{"0":{"start":{"line":5,"column":13},"end":{"line":14,"column":2}},"1":{"start":{"line":6,"column":4},"end":{"line":13,"column":6}},"2":{"start":{"line":8,"column":29},"end":{"line":10,"column":14}},"3":{"start":{"line":8,"column":18},"end":{"line":10,"column":14}},"4":{"start":{"line":11,"column":12},"end":{"line":11,"column":62}}},"fnMap":{"0":{"name":"(anonymous_12)","decl":{"start":{"line":5,"column":42},"end":{"line":5,"column":42}},"loc":{"start":{"line":5,"column":70},"end":{"line":14,"column":1}}},"1":{"name":"(anonymous_13)","decl":{"start":{"line":7,"column":18},"end":{"line":7,"column":18}},"loc":{"start":{"line":7,"column":48},"end":{"line":12,"column":9}}}},"branchMap":{},"s":{"0":2,"1":2,"2":1,"3":1,"4":1},"f":{"0":2,"1":1},"b":{}}
,"/home/luke/code/paylane-client/lib/endpoints/paypal/paypal.ts": {"path":"/home/luke/code/paylane-client/lib/endpoints/paypal/paypal.ts","statementMap":{"0":{"start":{"line":8,"column":13},"end":{"line":31,"column":2}},"1":{"start":{"line":9,"column":4},"end":{"line":30,"column":6}},"2":{"start":{"line":11,"column":29},"end":{"line":13,"column":14}},"3":{"start":{"line":11,"column":18},"end":{"line":13,"column":14}},"4":{"start":{"line":14,"column":12},"end":{"line":14,"column":62}},"5":{"start":{"line":18,"column":29},"end":{"line":20,"column":14}},"6":{"start":{"line":18,"column":18},"end":{"line":20,"column":14}},"7":{"start":{"line":21,"column":12},"end":{"line":21,"column":71}},"8":{"start":{"line":25,"column":29},"end":{"line":27,"column":14}},"9":{"start":{"line":25,"column":18},"end":{"line":27,"column":14}},"10":{"start":{"line":28,"column":12},"end":{"line":28,"column":71}}},"fnMap":{"0":{"name":"(anonymous_12)","decl":{"start":{"line":8,"column":36},"end":{"line":8,"column":36}},"loc":{"start":{"line":8,"column":64},"end":{"line":31,"column":1}}},"1":{"name":"(anonymous_13)","decl":{"start":{"line":10,"column":18},"end":{"line":10,"column":18}},"loc":{"start":{"line":10,"column":42},"end":{"line":15,"column":9}}},"2":{"name":"(anonymous_16)","decl":{"start":{"line":17,"column":27},"end":{"line":17,"column":27}},"loc":{"start":{"line":17,"column":69},"end":{"line":22,"column":9}}},"3":{"name":"(anonymous_19)","decl":{"start":{"line":24,"column":27},"end":{"line":24,"column":27}},"loc":{"start":{"line":24,"column":63},"end":{"line":29,"column":9}}}},"branchMap":{},"s":{"0":2,"1":4,"2":1,"3":1,"4":1,"5":1,"6":1,"7":1,"8":1,"9":1,"10":1},"f":{"0":4,"1":1,"2":1,"3":1},"b":{}}
,"/home/luke/code/paylane-client/lib/endpoints/sofort/sofort.ts": {"path":"/home/luke/code/paylane-client/lib/endpoints/sofort/sofort.ts","statementMap":{"0":{"start":{"line":5,"column":13},"end":{"line":14,"column":2}},"1":{"start":{"line":6,"column":4},"end":{"line":13,"column":6}},"2":{"start":{"line":8,"column":29},"end":{"line":10,"column":14}},"3":{"start":{"line":8,"column":18},"end":{"line":10,"column":14}},"4":{"start":{"line":11,"column":12},"end":{"line":11,"column":62}}},"fnMap":{"0":{"name":"(anonymous_12)","decl":{"start":{"line":5,"column":36},"end":{"line":5,"column":36}},"loc":{"start":{"line":5,"column":64},"end":{"line":14,"column":1}}},"1":{"name":"(anonymous_13)","decl":{"start":{"line":7,"column":18},"end":{"line":7,"column":18}},"loc":{"start":{"line":7,"column":42},"end":{"line":12,"column":9}}}},"branchMap":{},"s":{"0":2,"1":2,"2":1,"3":1,"4":1},"f":{"0":2,"1":1},"b":{}}
}
