TN:
SF:/home/luke/code/paylane-client/lib/paylaneClient.ts
FN:18,(anonymous_1)
FNF:1
FNH:1
FNDA:1,(anonymous_1)
DA:1,1
DA:2,1
DA:3,1
DA:4,1
DA:5,1
DA:6,1
DA:7,1
DA:18,1
DA:19,1
DA:23,1
DA:31,1
LF:11
LH:11
BRF:0
BRH:0
end_of_record
TN:
SF:/home/luke/code/paylane-client/lib/endpoints/applepay/applepay.ts
FN:7,(anonymous_12)
FN:9,(anonymous_13)
FN:16,(anonymous_16)
FNF:3
FNH:3
FNDA:3,(anonymous_12)
FNDA:1,(anonymous_13)
FNDA:1,(anonymous_16)
DA:7,2
DA:8,3
DA:10,1
DA:13,1
DA:17,1
DA:20,1
LF:6
LH:6
BRF:0
BRH:0
end_of_record
TN:
SF:/home/luke/code/paylane-client/lib/endpoints/banktransfers/banktransfers.ts
FN:5,(anonymous_12)
FN:7,(anonymous_13)
FNF:2
FNH:2
FNDA:2,(anonymous_12)
FNDA:1,(anonymous_13)
DA:5,2
DA:6,2
DA:8,1
DA:11,1
LF:4
LH:4
BRF:0
BRH:0
end_of_record
TN:
SF:/home/luke/code/paylane-client/lib/endpoints/cards/cards.ts
FN:14,(anonymous_12)
FN:16,(anonymous_13)
FN:23,(anonymous_16)
FN:30,(anonymous_19)
FN:37,(anonymous_22)
FN:47,(anonymous_25)
FN:54,(anonymous_28)
FN:61,(anonymous_31)
FNF:8
FNH:8
FNDA:8,(anonymous_12)
FNDA:1,(anonymous_13)
FNDA:1,(anonymous_16)
FNDA:1,(anonymous_19)
FNDA:1,(anonymous_22)
FNDA:1,(anonymous_25)
FNDA:1,(anonymous_28)
FNDA:1,(anonymous_31)
DA:14,2
DA:15,8
DA:17,1
DA:20,1
DA:24,1
DA:27,1
DA:31,1
DA:34,1
DA:38,1
DA:44,1
DA:48,1
DA:51,1
DA:55,1
DA:58,1
DA:62,1
DA:65,1
LF:16
LH:16
BRF:0
BRH:0
end_of_record
TN:
SF:/home/luke/code/paylane-client/lib/endpoints/directdebits/directdebits.ts
FN:5,(anonymous_12)
FN:7,(anonymous_13)
FNF:2
FNH:2
FNDA:2,(anonymous_12)
FNDA:1,(anonymous_13)
DA:5,2
DA:6,2
DA:8,1
DA:11,1
LF:4
LH:4
BRF:0
BRH:0
end_of_record
TN:
SF:/home/luke/code/paylane-client/lib/endpoints/paypal/paypal.ts
FN:8,(anonymous_12)
FN:10,(anonymous_13)
FN:17,(anonymous_16)
FN:24,(anonymous_19)
FNF:4
FNH:4
FNDA:4,(anonymous_12)
FNDA:1,(anonymous_13)
FNDA:1,(anonymous_16)
FNDA:1,(anonymous_19)
DA:8,2
DA:9,4
DA:11,1
DA:14,1
DA:18,1
DA:21,1
DA:25,1
DA:28,1
LF:8
LH:8
BRF:0
BRH:0
end_of_record
TN:
SF:/home/luke/code/paylane-client/lib/endpoints/sofort/sofort.ts
FN:5,(anonymous_12)
FN:7,(anonymous_13)
FNF:2
FNH:2
FNDA:2,(anonymous_12)
FNDA:1,(anonymous_13)
DA:5,2
DA:6,2
DA:8,1
DA:11,1
LF:4
LH:4
BRF:0
BRH:0
end_of_record
